This is pdfTeX, Version 3.141592653-2.6-1.40.26 (TeX Live 2024) (preloaded format=pdflatex 2024.11.29)  31 DEC 2024 11:48
entering extended mode
 restricted \write18 enabled.
 %&-line parsing enabled.
**haoyunqi_tutorial.tex
(./haoyunqi_tutorial.tex
LaTeX2e <2024-11-01> patch level 1
L3 programming layer <2024-11-02>
(d:/texlive/2024/texmf-dist/tex/latex/base/book.cls
Document Class: book 2024/06/29 v1.4n Standard LaTeX document class
(d:/texlive/2024/texmf-dist/tex/latex/base/bk10.clo
File: bk10.clo 2024/06/29 v1.4n Standard LaTeX file (size option)
)
\c@part=\count196
\c@chapter=\count197
\c@section=\count198
\c@subsection=\count199
\c@subsubsection=\count266
\c@paragraph=\count267
\c@subparagraph=\count268
\c@figure=\count269
\c@table=\count270
\abovecaptionskip=\skip49
\belowcaptionskip=\skip50
\bibindent=\dimen141
)
(d:/texlive/2024/texmf-dist/tex/latex/base/fontenc.sty
Package: fontenc 2021/04/29 v2.0v Standard LaTeX package
)
(d:/texlive/2024/texmf-dist/tex/latex/pdfpages/pdfpages.sty
Package: pdfpages 2024/10/28 v0.6c Insert pages of external PDF documents (AM)

(d:/texlive/2024/texmf-dist/tex/latex/base/ifthen.sty
Package: ifthen 2024/03/16 v1.1e Standard LaTeX ifthen package (DPC)
)
(d:/texlive/2024/texmf-dist/tex/latex/tools/calc.sty
Package: calc 2023/07/08 v4.3 Infix arithmetic (KKT,FJ)
\calc@Acount=\count271
\calc@Bcount=\count272
\calc@Adimen=\dimen142
\calc@Bdimen=\dimen143
\calc@Askip=\skip51
\calc@Bskip=\skip52
LaTeX Info: Redefining \setlength on input line 80.
LaTeX Info: Redefining \addtolength on input line 81.
\calc@Ccount=\count273
\calc@Cskip=\skip53
)
(d:/texlive/2024/texmf-dist/tex/latex/eso-pic/eso-pic.sty
Package: eso-pic 2023/05/03 v3.0c eso-pic (RN)
\ESO@tempdima=\dimen144
\ESO@tempdimb=\dimen145

(d:/texlive/2024/texmf-dist/tex/latex/graphics/keyval.sty
Package: keyval 2022/05/29 v1.15 key=value parser (DPC)
\KV@toks@=\toks17
)
(d:/texlive/2024/texmf-dist/tex/latex/xcolor/xcolor.sty
Package: xcolor 2024/09/29 v3.02 LaTeX color extensions (UK)

(d:/texlive/2024/texmf-dist/tex/latex/graphics-cfg/color.cfg
File: color.cfg 2016/01/02 v1.6 sample color configuration
)
Package xcolor Info: Driver file: pdftex.def on input line 274.

(d:/texlive/2024/texmf-dist/tex/latex/graphics-def/pdftex.def
File: pdftex.def 2024/04/13 v1.2c Graphics/color driver for pdftex
)
(d:/texlive/2024/texmf-dist/tex/latex/graphics/mathcolor.ltx)
Package xcolor Info: Model `cmy' substituted by `cmy0' on input line 1349.
Package xcolor Info: Model `hsb' substituted by `rgb' on input line 1353.
Package xcolor Info: Model `RGB' extended on input line 1365.
Package xcolor Info: Model `HTML' substituted by `rgb' on input line 1367.
Package xcolor Info: Model `Hsb' substituted by `hsb' on input line 1368.
Package xcolor Info: Model `tHsb' substituted by `hsb' on input line 1369.
Package xcolor Info: Model `HSB' substituted by `hsb' on input line 1370.
Package xcolor Info: Model `Gray' substituted by `gray' on input line 1371.
Package xcolor Info: Model `wave' substituted by `hsb' on input line 1372.
))
(d:/texlive/2024/texmf-dist/tex/latex/graphics/graphicx.sty
Package: graphicx 2021/09/16 v1.2d Enhanced LaTeX Graphics (DPC,SPQR)

(d:/texlive/2024/texmf-dist/tex/latex/graphics/graphics.sty
Package: graphics 2024/08/06 v1.4g Standard LaTeX Graphics (DPC,SPQR)

(d:/texlive/2024/texmf-dist/tex/latex/graphics/trig.sty
Package: trig 2023/12/02 v1.11 sin cos tan (DPC)
)
(d:/texlive/2024/texmf-dist/tex/latex/graphics-cfg/graphics.cfg
File: graphics.cfg 2016/06/04 v1.11 sample graphics configuration
)
Package graphics Info: Driver file: pdftex.def on input line 106.
)
\Gin@req@height=\dimen146
\Gin@req@width=\dimen147
)
\AM@pagewidth=\dimen148
\AM@pageheight=\dimen149
\AM@fboxrule=\dimen150

(d:/texlive/2024/texmf-dist/tex/latex/pdfpages/pppdftex.def
File: pppdftex.def 2024/10/28 v0.6c Pdfpages driver for pdfTeX (AM)
)
\pdfpages@includegraphics@status=\count274
\AM@pagebox=\box52
\AM@global@opts=\toks18
\AM@pagecnt=\count275
\AM@toc@title=\toks19
\AM@lof@heading=\toks20
\c@AM@survey=\count276
\AM@templatesizebox=\box53
)
(d:/texlive/2024/texmf-dist/tex/latex/ctex/ctex.sty
(d:/texlive/2024/texmf-dist/tex/latex/l3kernel/expl3.sty
Package: expl3 2024-11-02 L3 programming layer (loader) 

(d:/texlive/2024/texmf-dist/tex/latex/l3backend/l3backend-pdftex.def
File: l3backend-pdftex.def 2024-05-08 L3 backend support: PDF output (pdfTeX)
\l__color_backend_stack_int=\count277
\l__pdf_internal_box=\box54
))
Package: ctex 2022/07/14 v2.5.10 Chinese adapter in LaTeX (CTEX)

(d:/texlive/2024/texmf-dist/tex/latex/ctex/ctexhook.sty
Package: ctexhook 2022/07/14 v2.5.10 Document and package hooks (CTEX)
)
(d:/texlive/2024/texmf-dist/tex/latex/ctex/ctexpatch.sty
Package: ctexpatch 2022/07/14 v2.5.10 Patching commands (CTEX)
)
(d:/texlive/2024/texmf-dist/tex/latex/base/fix-cm.sty
Package: fix-cm 2020/11/24 v1.1t fixes to LaTeX

(d:/texlive/2024/texmf-dist/tex/latex/base/ts1enc.def
File: ts1enc.def 2001/06/05 v3.0e (jk/car/fm) Standard LaTeX file
LaTeX Font Info:    Redeclaring font encoding TS1 on input line 47.
))
\l__ctex_tmp_int=\count278
\l__ctex_tmp_box=\box55
\l__ctex_tmp_dim=\dimen151
\g__ctex_section_depth_int=\count279
\g__ctex_font_size_int=\count280

(d:/texlive/2024/texmf-dist/tex/latex/ctex/config/ctexopts.cfg
File: ctexopts.cfg 2022/07/14 v2.5.10 Option configuration file (CTEX)
)
(d:/texlive/2024/texmf-dist/tex/latex/ctex/engine/ctex-engine-pdftex.def
File: ctex-engine-pdftex.def 2022/07/14 v2.5.10 (pdf)LaTeX adapter (CTEX)

(d:/texlive/2024/texmf-dist/tex/latex/cjk/texinput/CJKutf8.sty
Package: CJKutf8 2021/10/16 4.8.5

(d:/texlive/2024/texmf-dist/tex/generic/iftex/ifpdf.sty
Package: ifpdf 2019/10/25 v3.4 ifpdf legacy package. Use iftex instead.

(d:/texlive/2024/texmf-dist/tex/generic/iftex/iftex.sty
Package: iftex 2022/02/03 v1.0f TeX engine tests
))
(d:/texlive/2024/texmf-dist/tex/latex/base/inputenc.sty
Package: inputenc 2024/02/08 v1.3d Input encoding file
\inpenc@prehook=\toks21
\inpenc@posthook=\toks22
)
(d:/texlive/2024/texmf-dist/tex/latex/cjk/texinput/CJK.sty
Package: CJK 2021/10/16 4.8.5

(d:/texlive/2024/texmf-dist/tex/latex/cjk/texinput/mule/MULEenc.sty
Package: MULEenc 2021/10/16 4.8.5
)
(d:/texlive/2024/texmf-dist/tex/latex/cjk/texinput/CJK.enc
File: CJK.enc 2021/10/16 4.8.5
Now handling font encoding C00 ...
... no UTF-8 mapping file for font encoding C00
Now handling font encoding C05 ...
... no UTF-8 mapping file for font encoding C05
Now handling font encoding C09 ...
... no UTF-8 mapping file for font encoding C09
Now handling font encoding C10 ...
... no UTF-8 mapping file for font encoding C10
Now handling font encoding C20 ...
... no UTF-8 mapping file for font encoding C20
Now handling font encoding C19 ...
... no UTF-8 mapping file for font encoding C19
Now handling font encoding C40 ...
... no UTF-8 mapping file for font encoding C40
Now handling font encoding C42 ...
... no UTF-8 mapping file for font encoding C42
Now handling font encoding C43 ...
... no UTF-8 mapping file for font encoding C43
Now handling font encoding C50 ...
... no UTF-8 mapping file for font encoding C50
Now handling font encoding C52 ...
... no UTF-8 mapping file for font encoding C52
Now handling font encoding C49 ...
... no UTF-8 mapping file for font encoding C49
Now handling font encoding C60 ...
... no UTF-8 mapping file for font encoding C60
Now handling font encoding C61 ...
... no UTF-8 mapping file for font encoding C61
Now handling font encoding C63 ...
... no UTF-8 mapping file for font encoding C63
Now handling font encoding C64 ...
... no UTF-8 mapping file for font encoding C64
Now handling font encoding C65 ...
... no UTF-8 mapping file for font encoding C65
Now handling font encoding C70 ...
... no UTF-8 mapping file for font encoding C70
Now handling font encoding C31 ...
... no UTF-8 mapping file for font encoding C31
Now handling font encoding C32 ...
... no UTF-8 mapping file for font encoding C32
Now handling font encoding C33 ...
... no UTF-8 mapping file for font encoding C33
Now handling font encoding C34 ...
... no UTF-8 mapping file for font encoding C34
Now handling font encoding C35 ...
... no UTF-8 mapping file for font encoding C35
Now handling font encoding C36 ...
... no UTF-8 mapping file for font encoding C36
Now handling font encoding C37 ...
... no UTF-8 mapping file for font encoding C37
Now handling font encoding C80 ...
... no UTF-8 mapping file for font encoding C80
Now handling font encoding C81 ...
... no UTF-8 mapping file for font encoding C81
Now handling font encoding C01 ...
... no UTF-8 mapping file for font encoding C01
Now handling font encoding C11 ...
... no UTF-8 mapping file for font encoding C11
Now handling font encoding C21 ...
... no UTF-8 mapping file for font encoding C21
Now handling font encoding C41 ...
... no UTF-8 mapping file for font encoding C41
Now handling font encoding C62 ...
... no UTF-8 mapping file for font encoding C62
)
\CJK@indent=\box56
)
(d:/texlive/2024/texmf-dist/tex/latex/base/fontenc.sty
Package: fontenc 2021/04/29 v2.0v Standard LaTeX package
))
(d:/texlive/2024/texmf-dist/tex/latex/cjkpunct/CJKpunct.sty
Package: CJKpunct 2016/05/14 4.8.4
\CJKpunct@cnta=\count281
\CJKpunct@cntb=\count282
\CJKpunct@cntc=\count283
\CJKpunct@cntd=\count284
\CJKpunct@cnte=\count285
   defining Unicode char U+2018 (decimal 8216)
   defining Unicode char U+2019 (decimal 8217)
   defining Unicode char U+201C (decimal 8220)
   defining Unicode char U+201D (decimal 8221)
   defining Unicode char U+2014 (decimal 8212)
   defining Unicode char U+2026 (decimal 8230)

(d:/texlive/2024/texmf-dist/tex/latex/cjkpunct/CJKpunct.spa))
(d:/texlive/2024/texmf-dist/tex/latex/cjk/texinput/CJKspace.sty
Package: CJKspace 2021/10/16 3.8.0
)
(d:/texlive/2024/texmf-dist/tex/latex/cjk/texinput/UTF8/UTF8.bdg
File: UTF8.bdg 2021/10/16 4.8.5
)
(d:/texlive/2024/texmf-dist/tex/latex/ctex/ctexspa.def
File: ctexspa.def 2022/07/14 v2.5.10 Space info for CJKpunct (CTEX)
)
\ccwd=\dimen152
\l__ctex_ccglue_skip=\skip54
)
\l__ctex_ziju_dim=\dimen153

(d:/texlive/2024/texmf-dist/tex/latex/zhnumber/zhnumber.sty
Package: zhnumber 2022/07/14 v3.0 Typesetting numbers with Chinese glyphs
\l__zhnum_scale_int=\count286
\l__zhnum_tmp_int=\count287

(d:/texlive/2024/texmf-dist/tex/latex/zhnumber/zhnumber-utf8.cfg
File: zhnumber-utf8.cfg 2022/07/14 v3.0 Chinese numerals with UTF8 encoding
))
(d:/texlive/2024/texmf-dist/tex/latex/ctex/scheme/ctex-scheme-chinese.def
File: ctex-scheme-chinese.def 2022/07/14 v2.5.10 Chinese scheme for generic (CT
EX)

(d:/texlive/2024/texmf-dist/tex/latex/ctex/config/ctex-name-utf8.cfg
File: ctex-name-utf8.cfg 2022/07/14 v2.5.10 Caption with encoding UTF-8 (CTEX)
))
(d:/texlive/2024/texmf-dist/tex/latex/tools/indentfirst.sty
Package: indentfirst 2023/07/02 v1.03 Indent first paragraph (DPC)
)
(d:/texlive/2024/texmf-dist/tex/latex/ctex/ctex-c5size.clo
File: ctex-c5size.clo 2022/07/14 v2.5.10 c5size option (CTEX)
)
(d:/texlive/2024/texmf-dist/tex/latex/ctex/fontset/ctex-fontset-windows.def
File: ctex-fontset-windows.def 2022/07/14 v2.5.10 Windows fonts definition (CTE
X)
))
(d:/texlive/2024/texmf-dist/tex/latex/ctex/config/ctex.cfg
File: ctex.cfg 2022/07/14 v2.5.10 Configuration file (CTEX)
)
(d:/texlive/2024/texmf-dist/tex/latex/pgf/frontendlayer/tikz.sty
(d:/texlive/2024/texmf-dist/tex/latex/pgf/basiclayer/pgf.sty
(d:/texlive/2024/texmf-dist/tex/latex/pgf/utilities/pgfrcs.sty
(d:/texlive/2024/texmf-dist/tex/generic/pgf/utilities/pgfutil-common.tex
\pgfutil@everybye=\toks23
\pgfutil@tempdima=\dimen154
\pgfutil@tempdimb=\dimen155
)
(d:/texlive/2024/texmf-dist/tex/generic/pgf/utilities/pgfutil-latex.def
\pgfutil@abb=\box57
)
(d:/texlive/2024/texmf-dist/tex/generic/pgf/utilities/pgfrcs.code.tex
(d:/texlive/2024/texmf-dist/tex/generic/pgf/pgf.revision.tex)
Package: pgfrcs 2023-01-15 v3.1.10 (3.1.10)
))
Package: pgf 2023-01-15 v3.1.10 (3.1.10)

(d:/texlive/2024/texmf-dist/tex/latex/pgf/basiclayer/pgfcore.sty
(d:/texlive/2024/texmf-dist/tex/latex/pgf/systemlayer/pgfsys.sty
(d:/texlive/2024/texmf-dist/tex/generic/pgf/systemlayer/pgfsys.code.tex
Package: pgfsys 2023-01-15 v3.1.10 (3.1.10)

(d:/texlive/2024/texmf-dist/tex/generic/pgf/utilities/pgfkeys.code.tex
\pgfkeys@pathtoks=\toks24
\pgfkeys@temptoks=\toks25

(d:/texlive/2024/texmf-dist/tex/generic/pgf/utilities/pgfkeyslibraryfiltered.co
de.tex
\pgfkeys@tmptoks=\toks26
))
\pgf@x=\dimen156
\pgf@y=\dimen157
\pgf@xa=\dimen158
\pgf@ya=\dimen159
\pgf@xb=\dimen160
\pgf@yb=\dimen161
\pgf@xc=\dimen162
\pgf@yc=\dimen163
\pgf@xd=\dimen164
\pgf@yd=\dimen165
\w@pgf@writea=\write3
\r@pgf@reada=\read2
\c@pgf@counta=\count288
\c@pgf@countb=\count289
\c@pgf@countc=\count290
\c@pgf@countd=\count291
\t@pgf@toka=\toks27
\t@pgf@tokb=\toks28
\t@pgf@tokc=\toks29
\pgf@sys@id@count=\count292
 (d:/texlive/2024/texmf-dist/tex/generic/pgf/systemlayer/pgf.cfg
File: pgf.cfg 2023-01-15 v3.1.10 (3.1.10)
)
Driver file for pgf: pgfsys-pdftex.def

(d:/texlive/2024/texmf-dist/tex/generic/pgf/systemlayer/pgfsys-pdftex.def
File: pgfsys-pdftex.def 2023-01-15 v3.1.10 (3.1.10)

(d:/texlive/2024/texmf-dist/tex/generic/pgf/systemlayer/pgfsys-common-pdf.def
File: pgfsys-common-pdf.def 2023-01-15 v3.1.10 (3.1.10)
)))
(d:/texlive/2024/texmf-dist/tex/generic/pgf/systemlayer/pgfsyssoftpath.code.tex
File: pgfsyssoftpath.code.tex 2023-01-15 v3.1.10 (3.1.10)
\pgfsyssoftpath@smallbuffer@items=\count293
\pgfsyssoftpath@bigbuffer@items=\count294
)
(d:/texlive/2024/texmf-dist/tex/generic/pgf/systemlayer/pgfsysprotocol.code.tex
File: pgfsysprotocol.code.tex 2023-01-15 v3.1.10 (3.1.10)
)) (d:/texlive/2024/texmf-dist/tex/generic/pgf/basiclayer/pgfcore.code.tex
Package: pgfcore 2023-01-15 v3.1.10 (3.1.10)

(d:/texlive/2024/texmf-dist/tex/generic/pgf/math/pgfmath.code.tex
(d:/texlive/2024/texmf-dist/tex/generic/pgf/math/pgfmathutil.code.tex)
(d:/texlive/2024/texmf-dist/tex/generic/pgf/math/pgfmathparser.code.tex
\pgfmath@dimen=\dimen166
\pgfmath@count=\count295
\pgfmath@box=\box58
\pgfmath@toks=\toks30
\pgfmath@stack@operand=\toks31
\pgfmath@stack@operation=\toks32
)
(d:/texlive/2024/texmf-dist/tex/generic/pgf/math/pgfmathfunctions.code.tex)
(d:/texlive/2024/texmf-dist/tex/generic/pgf/math/pgfmathfunctions.basic.code.te
x)
(d:/texlive/2024/texmf-dist/tex/generic/pgf/math/pgfmathfunctions.trigonometric
.code.tex)
(d:/texlive/2024/texmf-dist/tex/generic/pgf/math/pgfmathfunctions.random.code.t
ex)
(d:/texlive/2024/texmf-dist/tex/generic/pgf/math/pgfmathfunctions.comparison.co
de.tex)
(d:/texlive/2024/texmf-dist/tex/generic/pgf/math/pgfmathfunctions.base.code.tex
)
(d:/texlive/2024/texmf-dist/tex/generic/pgf/math/pgfmathfunctions.round.code.te
x)
(d:/texlive/2024/texmf-dist/tex/generic/pgf/math/pgfmathfunctions.misc.code.tex
)
(d:/texlive/2024/texmf-dist/tex/generic/pgf/math/pgfmathfunctions.integerarithm
etics.code.tex)
(d:/texlive/2024/texmf-dist/tex/generic/pgf/math/pgfmathcalc.code.tex)
(d:/texlive/2024/texmf-dist/tex/generic/pgf/math/pgfmathfloat.code.tex
\c@pgfmathroundto@lastzeros=\count296
))
(d:/texlive/2024/texmf-dist/tex/generic/pgf/math/pgfint.code.tex)
(d:/texlive/2024/texmf-dist/tex/generic/pgf/basiclayer/pgfcorepoints.code.tex
File: pgfcorepoints.code.tex 2023-01-15 v3.1.10 (3.1.10)
\pgf@picminx=\dimen167
\pgf@picmaxx=\dimen168
\pgf@picminy=\dimen169
\pgf@picmaxy=\dimen170
\pgf@pathminx=\dimen171
\pgf@pathmaxx=\dimen172
\pgf@pathminy=\dimen173
\pgf@pathmaxy=\dimen174
\pgf@xx=\dimen175
\pgf@xy=\dimen176
\pgf@yx=\dimen177
\pgf@yy=\dimen178
\pgf@zx=\dimen179
\pgf@zy=\dimen180
)
(d:/texlive/2024/texmf-dist/tex/generic/pgf/basiclayer/pgfcorepathconstruct.cod
e.tex
File: pgfcorepathconstruct.code.tex 2023-01-15 v3.1.10 (3.1.10)
\pgf@path@lastx=\dimen181
\pgf@path@lasty=\dimen182
)
(d:/texlive/2024/texmf-dist/tex/generic/pgf/basiclayer/pgfcorepathusage.code.te
x
File: pgfcorepathusage.code.tex 2023-01-15 v3.1.10 (3.1.10)
\pgf@shorten@end@additional=\dimen183
\pgf@shorten@start@additional=\dimen184
)
(d:/texlive/2024/texmf-dist/tex/generic/pgf/basiclayer/pgfcorescopes.code.tex
File: pgfcorescopes.code.tex 2023-01-15 v3.1.10 (3.1.10)
\pgfpic=\box59
\pgf@hbox=\box60
\pgf@layerbox@main=\box61
\pgf@picture@serial@count=\count297
)
(d:/texlive/2024/texmf-dist/tex/generic/pgf/basiclayer/pgfcoregraphicstate.code
.tex
File: pgfcoregraphicstate.code.tex 2023-01-15 v3.1.10 (3.1.10)
\pgflinewidth=\dimen185
)
(d:/texlive/2024/texmf-dist/tex/generic/pgf/basiclayer/pgfcoretransformations.c
ode.tex
File: pgfcoretransformations.code.tex 2023-01-15 v3.1.10 (3.1.10)
\pgf@pt@x=\dimen186
\pgf@pt@y=\dimen187
\pgf@pt@temp=\dimen188
)
(d:/texlive/2024/texmf-dist/tex/generic/pgf/basiclayer/pgfcorequick.code.tex
File: pgfcorequick.code.tex 2023-01-15 v3.1.10 (3.1.10)
)
(d:/texlive/2024/texmf-dist/tex/generic/pgf/basiclayer/pgfcoreobjects.code.tex
File: pgfcoreobjects.code.tex 2023-01-15 v3.1.10 (3.1.10)
)
(d:/texlive/2024/texmf-dist/tex/generic/pgf/basiclayer/pgfcorepathprocessing.co
de.tex
File: pgfcorepathprocessing.code.tex 2023-01-15 v3.1.10 (3.1.10)
)
(d:/texlive/2024/texmf-dist/tex/generic/pgf/basiclayer/pgfcorearrows.code.tex
File: pgfcorearrows.code.tex 2023-01-15 v3.1.10 (3.1.10)
\pgfarrowsep=\dimen189
)
(d:/texlive/2024/texmf-dist/tex/generic/pgf/basiclayer/pgfcoreshade.code.tex
File: pgfcoreshade.code.tex 2023-01-15 v3.1.10 (3.1.10)
\pgf@max=\dimen190
\pgf@sys@shading@range@num=\count298
\pgf@shadingcount=\count299
)
(d:/texlive/2024/texmf-dist/tex/generic/pgf/basiclayer/pgfcoreimage.code.tex
File: pgfcoreimage.code.tex 2023-01-15 v3.1.10 (3.1.10)
)
(d:/texlive/2024/texmf-dist/tex/generic/pgf/basiclayer/pgfcoreexternal.code.tex
File: pgfcoreexternal.code.tex 2023-01-15 v3.1.10 (3.1.10)
\pgfexternal@startupbox=\box62
) (d:/texlive/2024/texmf-dist/tex/generic/pgf/basiclayer/pgfcorelayers.code.tex
File: pgfcorelayers.code.tex 2023-01-15 v3.1.10 (3.1.10)
)
(d:/texlive/2024/texmf-dist/tex/generic/pgf/basiclayer/pgfcoretransparency.code
.tex
File: pgfcoretransparency.code.tex 2023-01-15 v3.1.10 (3.1.10)
)
(d:/texlive/2024/texmf-dist/tex/generic/pgf/basiclayer/pgfcorepatterns.code.tex
File: pgfcorepatterns.code.tex 2023-01-15 v3.1.10 (3.1.10)
) (d:/texlive/2024/texmf-dist/tex/generic/pgf/basiclayer/pgfcorerdf.code.tex
File: pgfcorerdf.code.tex 2023-01-15 v3.1.10 (3.1.10)
))) (d:/texlive/2024/texmf-dist/tex/generic/pgf/modules/pgfmoduleshapes.code.te
x
File: pgfmoduleshapes.code.tex 2023-01-15 v3.1.10 (3.1.10)
\pgfnodeparttextbox=\box63
)
(d:/texlive/2024/texmf-dist/tex/generic/pgf/modules/pgfmoduleplot.code.tex
File: pgfmoduleplot.code.tex 2023-01-15 v3.1.10 (3.1.10)
)
(d:/texlive/2024/texmf-dist/tex/latex/pgf/compatibility/pgfcomp-version-0-65.st
y
Package: pgfcomp-version-0-65 2023-01-15 v3.1.10 (3.1.10)
\pgf@nodesepstart=\dimen191
\pgf@nodesepend=\dimen192
)
(d:/texlive/2024/texmf-dist/tex/latex/pgf/compatibility/pgfcomp-version-1-18.st
y
Package: pgfcomp-version-1-18 2023-01-15 v3.1.10 (3.1.10)
)) (d:/texlive/2024/texmf-dist/tex/latex/pgf/utilities/pgffor.sty
(d:/texlive/2024/texmf-dist/tex/latex/pgf/utilities/pgfkeys.sty
(d:/texlive/2024/texmf-dist/tex/generic/pgf/utilities/pgfkeys.code.tex))
(d:/texlive/2024/texmf-dist/tex/latex/pgf/math/pgfmath.sty
(d:/texlive/2024/texmf-dist/tex/generic/pgf/math/pgfmath.code.tex))
(d:/texlive/2024/texmf-dist/tex/generic/pgf/utilities/pgffor.code.tex
Package: pgffor 2023-01-15 v3.1.10 (3.1.10)
\pgffor@iter=\dimen193
\pgffor@skip=\dimen194
\pgffor@stack=\toks33
\pgffor@toks=\toks34
))
(d:/texlive/2024/texmf-dist/tex/generic/pgf/frontendlayer/tikz/tikz.code.tex
Package: tikz 2023-01-15 v3.1.10 (3.1.10)

(d:/texlive/2024/texmf-dist/tex/generic/pgf/libraries/pgflibraryplothandlers.co
de.tex
File: pgflibraryplothandlers.code.tex 2023-01-15 v3.1.10 (3.1.10)
\pgf@plot@mark@count=\count300
\pgfplotmarksize=\dimen195
)
\tikz@lastx=\dimen196
\tikz@lasty=\dimen197
\tikz@lastxsaved=\dimen198
\tikz@lastysaved=\dimen199
\tikz@lastmovetox=\dimen256
\tikz@lastmovetoy=\dimen257
\tikzleveldistance=\dimen258
\tikzsiblingdistance=\dimen259
\tikz@figbox=\box64
\tikz@figbox@bg=\box65
\tikz@tempbox=\box66
\tikz@tempbox@bg=\box67
\tikztreelevel=\count301
\tikznumberofchildren=\count302
\tikznumberofcurrentchild=\count303
\tikz@fig@count=\count304

(d:/texlive/2024/texmf-dist/tex/generic/pgf/modules/pgfmodulematrix.code.tex
File: pgfmodulematrix.code.tex 2023-01-15 v3.1.10 (3.1.10)
\pgfmatrixcurrentrow=\count305
\pgfmatrixcurrentcolumn=\count306
\pgf@matrix@numberofcolumns=\count307
)
\tikz@expandcount=\count308

(d:/texlive/2024/texmf-dist/tex/generic/pgf/frontendlayer/tikz/libraries/tikzli
brarytopaths.code.tex
File: tikzlibrarytopaths.code.tex 2023-01-15 v3.1.10 (3.1.10)
)))
(d:/texlive/2024/texmf-dist/tex/latex/fancyhdr/fancyhdr.sty
Package: fancyhdr 2024/11/20 v4.4 Extensive control of page headers and footers

\f@nch@headwidth=\skip55
\f@nch@O@elh=\skip56
\f@nch@O@erh=\skip57
\f@nch@O@olh=\skip58
\f@nch@O@orh=\skip59
\f@nch@O@elf=\skip60
\f@nch@O@erf=\skip61
\f@nch@O@olf=\skip62
\f@nch@O@orf=\skip63
)
(d:/texlive/2024/texmf-dist/tex/latex/hyperref/hyperref.sty
Package: hyperref 2024-11-05 v7.01l Hypertext links for LaTeX

(d:/texlive/2024/texmf-dist/tex/latex/kvsetkeys/kvsetkeys.sty
Package: kvsetkeys 2022-10-05 v1.19 Key value parser (HO)
)
(d:/texlive/2024/texmf-dist/tex/generic/kvdefinekeys/kvdefinekeys.sty
Package: kvdefinekeys 2019-12-19 v1.6 Define keys (HO)
)
(d:/texlive/2024/texmf-dist/tex/generic/pdfescape/pdfescape.sty
Package: pdfescape 2019/12/09 v1.15 Implements pdfTeX's escape features (HO)

(d:/texlive/2024/texmf-dist/tex/generic/ltxcmds/ltxcmds.sty
Package: ltxcmds 2023-12-04 v1.26 LaTeX kernel commands for general use (HO)
)
(d:/texlive/2024/texmf-dist/tex/generic/pdftexcmds/pdftexcmds.sty
Package: pdftexcmds 2020-06-27 v0.33 Utility functions of pdfTeX for LuaTeX (HO
)

(d:/texlive/2024/texmf-dist/tex/generic/infwarerr/infwarerr.sty
Package: infwarerr 2019/12/03 v1.5 Providing info/warning/error messages (HO)
)
Package pdftexcmds Info: \pdf@primitive is available.
Package pdftexcmds Info: \pdf@ifprimitive is available.
Package pdftexcmds Info: \pdfdraftmode found.
))
(d:/texlive/2024/texmf-dist/tex/latex/hycolor/hycolor.sty
Package: hycolor 2020-01-27 v1.10 Color options for hyperref/bookmark (HO)
)
(d:/texlive/2024/texmf-dist/tex/latex/hyperref/nameref.sty
Package: nameref 2023-11-26 v2.56 Cross-referencing by name of section

(d:/texlive/2024/texmf-dist/tex/latex/refcount/refcount.sty
Package: refcount 2019/12/15 v3.6 Data extraction from label references (HO)
)
(d:/texlive/2024/texmf-dist/tex/generic/gettitlestring/gettitlestring.sty
Package: gettitlestring 2019/12/15 v1.6 Cleanup title references (HO)

(d:/texlive/2024/texmf-dist/tex/latex/kvoptions/kvoptions.sty
Package: kvoptions 2022-06-15 v3.15 Key value format for package options (HO)
))
\c@section@level=\count309
)
(d:/texlive/2024/texmf-dist/tex/latex/etoolbox/etoolbox.sty
Package: etoolbox 2020/10/05 v2.5k e-TeX tools for LaTeX (JAW)
\etb@tempcnta=\count310
)
(d:/texlive/2024/texmf-dist/tex/generic/stringenc/stringenc.sty
Package: stringenc 2019/11/29 v1.12 Convert strings between diff. encodings (HO
)
)
\@linkdim=\dimen260
\Hy@linkcounter=\count311
\Hy@pagecounter=\count312

(d:/texlive/2024/texmf-dist/tex/latex/hyperref/pd1enc.def
File: pd1enc.def 2024-11-05 v7.01l Hyperref: PDFDocEncoding definition (HO)
Now handling font encoding PD1 ...
... no UTF-8 mapping file for font encoding PD1
)
(d:/texlive/2024/texmf-dist/tex/generic/intcalc/intcalc.sty
Package: intcalc 2019/12/15 v1.3 Expandable calculations with integers (HO)
)
\Hy@SavedSpaceFactor=\count313

(d:/texlive/2024/texmf-dist/tex/latex/hyperref/puenc.def
File: puenc.def 2024-11-05 v7.01l Hyperref: PDF Unicode definition (HO)
Now handling font encoding PU ...
... no UTF-8 mapping file for font encoding PU
)
Package hyperref Info: Option `unicode' set `true' on input line 4040.
Package hyperref Info: Hyper figures OFF on input line 4157.
Package hyperref Info: Link nesting OFF on input line 4162.
Package hyperref Info: Hyper index ON on input line 4165.
Package hyperref Info: Plain pages OFF on input line 4172.
Package hyperref Info: Backreferencing ON on input line 4175.
Package hyperref Info: Implicit mode ON; LaTeX internals redefined.
Package hyperref Info: Bookmarks ON on input line 4424.

(d:/texlive/2024/texmf-dist/tex/latex/hyperref/backref.sty
Package: backref 2023-11-26 v1.44 Bibliographical back referencing

(d:/texlive/2024/texmf-dist/tex/latex/rerunfilecheck/rerunfilecheck.sty
Package: rerunfilecheck 2022-07-10 v1.10 Rerun checks for auxiliary files (HO)

(d:/texlive/2024/texmf-dist/tex/latex/base/atveryend-ltx.sty
Package: atveryend-ltx 2020/08/19 v1.0a Emulation of the original atveryend pac
kage
with kernel methods
)
(d:/texlive/2024/texmf-dist/tex/generic/uniquecounter/uniquecounter.sty
Package: uniquecounter 2019/12/15 v1.4 Provide unlimited unique counter (HO)

(d:/texlive/2024/texmf-dist/tex/generic/bigintcalc/bigintcalc.sty
Package: bigintcalc 2019/12/15 v1.5 Expandable calculations on big integers (HO
)
))
Package uniquecounter Info: New unique counter `rerunfilecheck' on input line 2
85.
))
\c@Hy@tempcnt=\count314

(d:/texlive/2024/texmf-dist/tex/latex/url/url.sty
\Urlmuskip=\muskip17
Package: url 2013/09/16  ver 3.4  Verb mode for urls, etc.
)
LaTeX Info: Redefining \url on input line 4763.
\XeTeXLinkMargin=\dimen261

(d:/texlive/2024/texmf-dist/tex/generic/bitset/bitset.sty
Package: bitset 2019/12/09 v1.3 Handle bit-vector datatype (HO)
)
\Fld@menulength=\count315
\Field@Width=\dimen262
\Fld@charsize=\dimen263
Package hyperref Info: Hyper figures OFF on input line 6042.
Package hyperref Info: Link nesting OFF on input line 6047.
Package hyperref Info: Hyper index ON on input line 6050.
Package hyperref Info: backreferencing ON on input line 6055.
Package hyperref Info: Link coloring OFF on input line 6062.
Package hyperref Info: Link coloring with OCG OFF on input line 6067.
Package hyperref Info: PDF/A mode OFF on input line 6072.

(d:/texlive/2024/texmf-dist/tex/latex/base/atbegshi-ltx.sty
Package: atbegshi-ltx 2021/01/10 v1.0c Emulation of the original atbegshi
package with kernel methods
)
\Hy@abspage=\count316
\c@Item=\count317
\c@Hfootnote=\count318
)
Package hyperref Info: Driver (autodetected): hpdftex.

(d:/texlive/2024/texmf-dist/tex/latex/hyperref/hpdftex.def
File: hpdftex.def 2024-11-05 v7.01l Hyperref driver for pdfTeX
\Fld@listcount=\count319
\c@bookmark@seq@number=\count320
\Hy@SectionHShift=\skip64
)
(d:/texlive/2024/texmf-dist/tex/latex/cjk/texinput/UTF8/UTF8.enc
File: UTF8.enc 2021/10/16 4.8.5
)
(d:/texlive/2024/texmf-dist/tex/latex/cjk/texinput/UTF8/UTF8.chr
File: UTF8.chr 2021/10/16 4.8.5
)
(./haoyunqi_tutorial.aux)
\openout1 = `haoyunqi_tutorial.aux'.

LaTeX Font Info:    Checking defaults for OML/cmm/m/it on input line 24.
LaTeX Font Info:    ... okay on input line 24.
LaTeX Font Info:    Checking defaults for OMS/cmsy/m/n on input line 24.
LaTeX Font Info:    ... okay on input line 24.
LaTeX Font Info:    Checking defaults for OT1/cmr/m/n on input line 24.
LaTeX Font Info:    ... okay on input line 24.
LaTeX Font Info:    Checking defaults for T1/cmr/m/n on input line 24.
LaTeX Font Info:    ... okay on input line 24.
LaTeX Font Info:    Checking defaults for TS1/cmr/m/n on input line 24.
LaTeX Font Info:    ... okay on input line 24.
LaTeX Font Info:    Checking defaults for OMX/cmex/m/n on input line 24.
LaTeX Font Info:    ... okay on input line 24.
LaTeX Font Info:    Checking defaults for U/cmr/m/n on input line 24.
LaTeX Font Info:    ... okay on input line 24.
LaTeX Font Info:    Checking defaults for C00/song/m/n on input line 24.
LaTeX Font Info:    ... okay on input line 24.
LaTeX Font Info:    Checking defaults for C05/song/m/n on input line 24.
LaTeX Font Info:    ... okay on input line 24.
LaTeX Font Info:    Checking defaults for C09/song/m/n on input line 24.
LaTeX Font Info:    ... okay on input line 24.
LaTeX Font Info:    Checking defaults for C10/song/m/n on input line 24.
LaTeX Font Info:    ... okay on input line 24.
LaTeX Font Info:    Checking defaults for C20/song/m/n on input line 24.
LaTeX Font Info:    ... okay on input line 24.
LaTeX Font Info:    Checking defaults for C19/song/m/n on input line 24.
LaTeX Font Info:    ... okay on input line 24.
LaTeX Font Info:    Checking defaults for C40/song/m/n on input line 24.
LaTeX Font Info:    ... okay on input line 24.
LaTeX Font Info:    Checking defaults for C42/song/m/n on input line 24.
LaTeX Font Info:    ... okay on input line 24.
LaTeX Font Info:    Checking defaults for C43/song/m/n on input line 24.
LaTeX Font Info:    ... okay on input line 24.
LaTeX Font Info:    Checking defaults for C50/song/m/n on input line 24.
LaTeX Font Info:    ... okay on input line 24.
LaTeX Font Info:    Checking defaults for C52/song/m/n on input line 24.
LaTeX Font Info:    ... okay on input line 24.
LaTeX Font Info:    Checking defaults for C49/song/m/n on input line 24.
LaTeX Font Info:    ... okay on input line 24.
LaTeX Font Info:    Checking defaults for C60/mj/m/n on input line 24.
LaTeX Font Info:    ... okay on input line 24.
LaTeX Font Info:    Checking defaults for C61/mj/m/n on input line 24.
LaTeX Font Info:    ... okay on input line 24.
LaTeX Font Info:    Checking defaults for C63/mj/m/n on input line 24.
LaTeX Font Info:    ... okay on input line 24.
LaTeX Font Info:    Checking defaults for C64/mj/m/n on input line 24.
LaTeX Font Info:    ... okay on input line 24.
LaTeX Font Info:    Checking defaults for C65/mj/m/n on input line 24.
LaTeX Font Info:    ... okay on input line 24.
LaTeX Font Info:    Checking defaults for C70/song/m/n on input line 24.
LaTeX Font Info:    ... okay on input line 24.
LaTeX Font Info:    Checking defaults for C31/song/m/n on input line 24.
LaTeX Font Info:    ... okay on input line 24.
LaTeX Font Info:    Checking defaults for C32/song/m/n on input line 24.
LaTeX Font Info:    ... okay on input line 24.
LaTeX Font Info:    Checking defaults for C33/song/m/n on input line 24.
LaTeX Font Info:    ... okay on input line 24.
LaTeX Font Info:    Checking defaults for C34/song/m/n on input line 24.
LaTeX Font Info:    ... okay on input line 24.
LaTeX Font Info:    Checking defaults for C35/song/m/n on input line 24.
LaTeX Font Info:    ... okay on input line 24.
LaTeX Font Info:    Checking defaults for C36/song/m/n on input line 24.
LaTeX Font Info:    ... okay on input line 24.
LaTeX Font Info:    Checking defaults for C37/song/m/n on input line 24.
LaTeX Font Info:    ... okay on input line 24.
LaTeX Font Info:    Checking defaults for C80/song/m/n on input line 24.
LaTeX Font Info:    ... okay on input line 24.
LaTeX Font Info:    Checking defaults for C81/song/m/n on input line 24.
LaTeX Font Info:    ... okay on input line 24.
LaTeX Font Info:    Checking defaults for C01/song/m/n on input line 24.
LaTeX Font Info:    ... okay on input line 24.
LaTeX Font Info:    Checking defaults for C11/song/m/n on input line 24.
LaTeX Font Info:    ... okay on input line 24.
LaTeX Font Info:    Checking defaults for C21/song/m/n on input line 24.
LaTeX Font Info:    ... okay on input line 24.
LaTeX Font Info:    Checking defaults for C41/song/m/n on input line 24.
LaTeX Font Info:    ... okay on input line 24.
LaTeX Font Info:    Checking defaults for C62/song/m/n on input line 24.
LaTeX Font Info:    ... okay on input line 24.
LaTeX Font Info:    Checking defaults for PD1/pdf/m/n on input line 24.
LaTeX Font Info:    ... okay on input line 24.
LaTeX Font Info:    Checking defaults for PU/pdf/m/n on input line 24.
LaTeX Font Info:    ... okay on input line 24.

(d:/texlive/2024/texmf-dist/tex/context/base/mkii/supp-pdf.mkii
[Loading MPS to PDF converter (version 2006.09.02).]
\scratchcounter=\count321
\scratchdimen=\dimen264
\scratchbox=\box68
\nofMPsegments=\count322
\nofMParguments=\count323
\everyMPshowfont=\toks35
\MPscratchCnt=\count324
\MPscratchDim=\dimen265
\MPnumerator=\count325
\makeMPintoPDFobject=\count326
\everyMPtoPDFconversion=\toks36
) (d:/texlive/2024/texmf-dist/tex/latex/epstopdf-pkg/epstopdf-base.sty
Package: epstopdf-base 2020-01-24 v2.11 Base part for package epstopdf
Package epstopdf-base Info: Redefining graphics rule for `.eps' on input line 4
85.

(d:/texlive/2024/texmf-dist/tex/latex/latexconfig/epstopdf-sys.cfg
File: epstopdf-sys.cfg 2010/07/13 v1.3 Configuration of (r)epstopdf for TeX Liv
e
))
(d:/texlive/2024/texmf-dist/tex/latex/pdflscape/pdflscape.sty
Package: pdflscape 2022-10-27 v0.13 Display of landscape pages in PDF

(d:/texlive/2024/texmf-dist/tex/latex/pdflscape/pdflscape-nometadata.sty
Package: pdflscape-nometadata 2022-10-28 v0.13 Display of landscape pages in PD
F (HO)

(d:/texlive/2024/texmf-dist/tex/latex/graphics/lscape.sty
Package: lscape 2020/05/28 v3.02 Landscape Pages (DPC)
)
Package pdflscape Info: Auto-detected driver: pdftex on input line 81.
))
Package hyperref Info: Link coloring OFF on input line 24.

(./haoyunqi_tutorial.out) (./haoyunqi_tutorial.out)
\@outlinefile=\write4
\openout4 = `haoyunqi_tutorial.out'.


Chapter 1.
LaTeX Font Info:    Trying to load font information for C70+rm on input line 27
.
(d:/texlive/2024/texmf-dist/tex/latex/ctex/fd/c70rm.fd
File: c70rm.fd 2022/07/14 v2.5.10 Chinese font definition (CTEX)
)
<./haoyunqi_tutorial_pdfs/delivery_stock.pdf, id=32, 963.6pt x 542.025pt>
File: ./haoyunqi_tutorial_pdfs/delivery_stock.pdf Graphic file (type pdf)
<use ./haoyunqi_tutorial_pdfs/delivery_stock.pdf>
Package pdftex.def Info: ./haoyunqi_tutorial_pdfs/delivery_stock.pdf  used on i
nput line 29.
(pdftex.def)             Requested size: 963.59766pt x 542.02367pt.
File: ./haoyunqi_tutorial_pdfs/delivery_stock.pdf Graphic file (type pdf)
<use ./haoyunqi_tutorial_pdfs/delivery_stock.pdf>
Package pdftex.def Info: ./haoyunqi_tutorial_pdfs/delivery_stock.pdf  used on i
nput line 29.
(pdftex.def)             Requested size: 963.59766pt x 542.02367pt.
<./haoyunqi_tutorial_pdfs/delivery_stock.pdf, id=35, page=1, 963.6pt x 542.025p
t>
File: ./haoyunqi_tutorial_pdfs/delivery_stock.pdf Graphic file (type pdf)
<use ./haoyunqi_tutorial_pdfs/delivery_stock.pdf, page 1>
Package pdftex.def Info: ./haoyunqi_tutorial_pdfs/delivery_stock.pdf , page1 us
ed on input line 29.
(pdftex.def)             Requested size: 963.59766pt x 542.02367pt.
File: ./haoyunqi_tutorial_pdfs/delivery_stock.pdf Graphic file (type pdf)
<use ./haoyunqi_tutorial_pdfs/delivery_stock.pdf, page 1>
Package pdftex.def Info: ./haoyunqi_tutorial_pdfs/delivery_stock.pdf , page1 us
ed on input line 29.
(pdftex.def)             Requested size: 614.67285pt x 345.75346pt.


(d:/texlive/2024/texmf-dist/tex/generic/ctex/zhmap/ctex-zhmap-windows.tex
File: ctex-zhmap-windows.tex 2022/07/14 v2.5.10 Windows font map loader for pdf
TeX and DVIPDFMx (CTEX)
{d:/texlive/2024/texmf-var/fonts/map/pdftex/updmap/pdftex.map}{UGBK.sfd}{Unicod
e.sfd}) [1


{d:/texlive/2024/texmf-dist/fonts/enc/dvips/cm-super/cm-super-t1.enc}]
File: ./haoyunqi_tutorial_pdfs/delivery_stock.pdf Graphic file (type pdf)
<use ./haoyunqi_tutorial_pdfs/delivery_stock.pdf, page 1>
Package pdftex.def Info: ./haoyunqi_tutorial_pdfs/delivery_stock.pdf , page1 us
ed on input line 29.
(pdftex.def)             Requested size: 614.67285pt x 345.75346pt.
File: ./haoyunqi_tutorial_pdfs/delivery_stock.pdf Graphic file (type pdf)
<use ./haoyunqi_tutorial_pdfs/delivery_stock.pdf, page 1>
Package pdftex.def Info: ./haoyunqi_tutorial_pdfs/delivery_stock.pdf , page1 us
ed on input line 29.
(pdftex.def)             Requested size: 614.67285pt x 345.75346pt.
<./haoyunqi_tutorial_pdfs/delivery_stock.pdf, id=48, page=2, 963.6pt x 542.025p
t>
File: ./haoyunqi_tutorial_pdfs/delivery_stock.pdf Graphic file (type pdf)
<use ./haoyunqi_tutorial_pdfs/delivery_stock.pdf, page 2>
Package pdftex.def Info: ./haoyunqi_tutorial_pdfs/delivery_stock.pdf , page2 us
ed on input line 29.
(pdftex.def)             Requested size: 614.67285pt x 345.75346pt.
File: ./haoyunqi_tutorial_pdfs/delivery_stock.pdf Graphic file (type pdf)
<use ./haoyunqi_tutorial_pdfs/delivery_stock.pdf, page 2>
Package pdftex.def Info: ./haoyunqi_tutorial_pdfs/delivery_stock.pdf , page2 us
ed on input line 29.
(pdftex.def)             Requested size: 614.67285pt x 345.75346pt.


File: ./haoyunqi_tutorial_pdfs/delivery_stock.pdf Graphic file (type pdf)
<use ./haoyunqi_tutorial_pdfs/delivery_stock.pdf, page 1>
Package pdftex.def Info: ./haoyunqi_tutorial_pdfs/delivery_stock.pdf , page1 us
ed on input line 29.
(pdftex.def)             Requested size: 614.67285pt x 345.75346pt.
File: ./haoyunqi_tutorial_pdfs/delivery_stock.pdf Graphic file (type pdf)
<use ./haoyunqi_tutorial_pdfs/delivery_stock.pdf, page 2>
Package pdftex.def Info: ./haoyunqi_tutorial_pdfs/delivery_stock.pdf , page2 us
ed on input line 29.
(pdftex.def)             Requested size: 614.67285pt x 345.75346pt.
[2

 <./haoyunqi_tutorial_pdfs/delivery_stock.pdf> <./haoyunqi_tutorial_pdfs/delive
ry_stock.pdf>]
Chapter 2.
<./haoyunqi_tutorial_pdfs/taking_orders_deposit.pdf, id=75, 963.6pt x 542.025pt
>
File: ./haoyunqi_tutorial_pdfs/taking_orders_deposit.pdf Graphic file (type pdf
)
<use ./haoyunqi_tutorial_pdfs/taking_orders_deposit.pdf>
Package pdftex.def Info: ./haoyunqi_tutorial_pdfs/taking_orders_deposit.pdf  us
ed on input line 33.
(pdftex.def)             Requested size: 963.59766pt x 542.02367pt.
File: ./haoyunqi_tutorial_pdfs/taking_orders_deposit.pdf Graphic file (type pdf
)
<use ./haoyunqi_tutorial_pdfs/taking_orders_deposit.pdf>
Package pdftex.def Info: ./haoyunqi_tutorial_pdfs/taking_orders_deposit.pdf  us
ed on input line 33.
(pdftex.def)             Requested size: 963.59766pt x 542.02367pt.
<./haoyunqi_tutorial_pdfs/taking_orders_deposit.pdf, id=78, page=1, 963.6pt x 5
42.025pt>
File: ./haoyunqi_tutorial_pdfs/taking_orders_deposit.pdf Graphic file (type pdf
)
<use ./haoyunqi_tutorial_pdfs/taking_orders_deposit.pdf, page 1>
Package pdftex.def Info: ./haoyunqi_tutorial_pdfs/taking_orders_deposit.pdf , p
age1 used on input line 33.
(pdftex.def)             Requested size: 621.00998pt x 385.01411pt.
File: ./haoyunqi_tutorial_pdfs/taking_orders_deposit.pdf Graphic file (type pdf
)
<use ./haoyunqi_tutorial_pdfs/taking_orders_deposit.pdf, page 1>
Package pdftex.def Info: ./haoyunqi_tutorial_pdfs/taking_orders_deposit.pdf , p
age1 used on input line 33.
(pdftex.def)             Requested size: 953.18768pt x 536.16806pt.


[3

]
File: ./haoyunqi_tutorial_pdfs/taking_orders_deposit.pdf Graphic file (type pdf
)
<use ./haoyunqi_tutorial_pdfs/taking_orders_deposit.pdf, page 1>
Package pdftex.def Info: ./haoyunqi_tutorial_pdfs/taking_orders_deposit.pdf , p
age1 used on input line 33.
(pdftex.def)             Requested size: 953.18768pt x 536.16806pt.
File: ./haoyunqi_tutorial_pdfs/taking_orders_deposit.pdf Graphic file (type pdf
)
<use ./haoyunqi_tutorial_pdfs/taking_orders_deposit.pdf, page 1>
Package pdftex.def Info: ./haoyunqi_tutorial_pdfs/taking_orders_deposit.pdf , p
age1 used on input line 33.
(pdftex.def)             Requested size: 953.18768pt x 536.16806pt.
<./haoyunqi_tutorial_pdfs/taking_orders_deposit.pdf, id=88, page=2, 963.6pt x 5
42.025pt>
File: ./haoyunqi_tutorial_pdfs/taking_orders_deposit.pdf Graphic file (type pdf
)
<use ./haoyunqi_tutorial_pdfs/taking_orders_deposit.pdf, page 2>
Package pdftex.def Info: ./haoyunqi_tutorial_pdfs/taking_orders_deposit.pdf , p
age2 used on input line 33.
(pdftex.def)             Requested size: 953.18768pt x 536.16806pt.
File: ./haoyunqi_tutorial_pdfs/taking_orders_deposit.pdf Graphic file (type pdf
)
<use ./haoyunqi_tutorial_pdfs/taking_orders_deposit.pdf, page 2>
Package pdftex.def Info: ./haoyunqi_tutorial_pdfs/taking_orders_deposit.pdf , p
age2 used on input line 33.
(pdftex.def)             Requested size: 953.18768pt x 536.16806pt.


File: ./haoyunqi_tutorial_pdfs/taking_orders_deposit.pdf Graphic file (type pdf
)
<use ./haoyunqi_tutorial_pdfs/taking_orders_deposit.pdf, page 1>
Package pdftex.def Info: ./haoyunqi_tutorial_pdfs/taking_orders_deposit.pdf , p
age1 used on input line 33.
(pdftex.def)             Requested size: 953.18768pt x 536.16806pt.
File: ./haoyunqi_tutorial_pdfs/taking_orders_deposit.pdf Graphic file (type pdf
)
<use ./haoyunqi_tutorial_pdfs/taking_orders_deposit.pdf, page 2>
Package pdftex.def Info: ./haoyunqi_tutorial_pdfs/taking_orders_deposit.pdf , p
age2 used on input line 33.
(pdftex.def)             Requested size: 953.18768pt x 536.16806pt.
[4

 <./haoyunqi_tutorial_pdfs/taking_orders_deposit.pdf> <./haoyunqi_tutorial_pdfs
/taking_orders_deposit.pdf>]
<./haoyunqi_tutorial_pdfs/taking_orders_deposit.pdf, id=113, page=3, 963.6pt x 
542.025pt>
File: ./haoyunqi_tutorial_pdfs/taking_orders_deposit.pdf Graphic file (type pdf
)
<use ./haoyunqi_tutorial_pdfs/taking_orders_deposit.pdf, page 3>
Package pdftex.def Info: ./haoyunqi_tutorial_pdfs/taking_orders_deposit.pdf , p
age3 used on input line 33.
(pdftex.def)             Requested size: 953.18768pt x 536.16806pt.
File: ./haoyunqi_tutorial_pdfs/taking_orders_deposit.pdf Graphic file (type pdf
)
<use ./haoyunqi_tutorial_pdfs/taking_orders_deposit.pdf, page 3>
Package pdftex.def Info: ./haoyunqi_tutorial_pdfs/taking_orders_deposit.pdf , p
age3 used on input line 33.
(pdftex.def)             Requested size: 953.18768pt x 536.16806pt.
<./haoyunqi_tutorial_pdfs/taking_orders_deposit.pdf, id=114, page=4, 963.6pt x 
542.025pt>
File: ./haoyunqi_tutorial_pdfs/taking_orders_deposit.pdf Graphic file (type pdf
)
<use ./haoyunqi_tutorial_pdfs/taking_orders_deposit.pdf, page 4>
Package pdftex.def Info: ./haoyunqi_tutorial_pdfs/taking_orders_deposit.pdf , p
age4 used on input line 33.
(pdftex.def)             Requested size: 953.18768pt x 536.16806pt.
File: ./haoyunqi_tutorial_pdfs/taking_orders_deposit.pdf Graphic file (type pdf
)
<use ./haoyunqi_tutorial_pdfs/taking_orders_deposit.pdf, page 4>
Package pdftex.def Info: ./haoyunqi_tutorial_pdfs/taking_orders_deposit.pdf , p
age4 used on input line 33.
(pdftex.def)             Requested size: 953.18768pt x 536.16806pt.


File: ./haoyunqi_tutorial_pdfs/taking_orders_deposit.pdf Graphic file (type pdf
)
<use ./haoyunqi_tutorial_pdfs/taking_orders_deposit.pdf, page 3>
Package pdftex.def Info: ./haoyunqi_tutorial_pdfs/taking_orders_deposit.pdf , p
age3 used on input line 33.
(pdftex.def)             Requested size: 953.18768pt x 536.16806pt.
File: ./haoyunqi_tutorial_pdfs/taking_orders_deposit.pdf Graphic file (type pdf
)
<use ./haoyunqi_tutorial_pdfs/taking_orders_deposit.pdf, page 4>
Package pdftex.def Info: ./haoyunqi_tutorial_pdfs/taking_orders_deposit.pdf , p
age4 used on input line 33.
(pdftex.def)             Requested size: 953.18768pt x 536.16806pt.
[5

 <./haoyunqi_tutorial_pdfs/taking_orders_deposit.pdf> <./haoyunqi_tutorial_pdfs
/taking_orders_deposit.pdf>]

[6

]
Chapter 3.
<./haoyunqi_tutorial_pdfs/app_modify_user_dep.pdf, id=146, 963.6pt x 542.025pt>

File: ./haoyunqi_tutorial_pdfs/app_modify_user_dep.pdf Graphic file (type pdf)
<use ./haoyunqi_tutorial_pdfs/app_modify_user_dep.pdf>
Package pdftex.def Info: ./haoyunqi_tutorial_pdfs/app_modify_user_dep.pdf  used
 on input line 37.
(pdftex.def)             Requested size: 963.59766pt x 542.02367pt.
File: ./haoyunqi_tutorial_pdfs/app_modify_user_dep.pdf Graphic file (type pdf)
<use ./haoyunqi_tutorial_pdfs/app_modify_user_dep.pdf>
Package pdftex.def Info: ./haoyunqi_tutorial_pdfs/app_modify_user_dep.pdf  used
 on input line 37.
(pdftex.def)             Requested size: 963.59766pt x 542.02367pt.
<./haoyunqi_tutorial_pdfs/app_modify_user_dep.pdf, id=149, page=1, 963.6pt x 54
2.025pt>
File: ./haoyunqi_tutorial_pdfs/app_modify_user_dep.pdf Graphic file (type pdf)
<use ./haoyunqi_tutorial_pdfs/app_modify_user_dep.pdf, page 1>
Package pdftex.def Info: ./haoyunqi_tutorial_pdfs/app_modify_user_dep.pdf , pag
e1 used on input line 37.
(pdftex.def)             Requested size: 963.59766pt x 542.02367pt.
File: ./haoyunqi_tutorial_pdfs/app_modify_user_dep.pdf Graphic file (type pdf)
<use ./haoyunqi_tutorial_pdfs/app_modify_user_dep.pdf, page 1>
Package pdftex.def Info: ./haoyunqi_tutorial_pdfs/app_modify_user_dep.pdf , pag
e1 used on input line 37.
(pdftex.def)             Requested size: 614.67285pt x 345.75346pt.


[7]
File: ./haoyunqi_tutorial_pdfs/app_modify_user_dep.pdf Graphic file (type pdf)
<use ./haoyunqi_tutorial_pdfs/app_modify_user_dep.pdf, page 1>
Package pdftex.def Info: ./haoyunqi_tutorial_pdfs/app_modify_user_dep.pdf , pag
e1 used on input line 37.
(pdftex.def)             Requested size: 614.67285pt x 345.75346pt.
File: ./haoyunqi_tutorial_pdfs/app_modify_user_dep.pdf Graphic file (type pdf)
<use ./haoyunqi_tutorial_pdfs/app_modify_user_dep.pdf, page 1>
Package pdftex.def Info: ./haoyunqi_tutorial_pdfs/app_modify_user_dep.pdf , pag
e1 used on input line 37.
(pdftex.def)             Requested size: 614.67285pt x 345.75346pt.


File: ./haoyunqi_tutorial_pdfs/app_modify_user_dep.pdf Graphic file (type pdf)
<use ./haoyunqi_tutorial_pdfs/app_modify_user_dep.pdf, page 1>
Package pdftex.def Info: ./haoyunqi_tutorial_pdfs/app_modify_user_dep.pdf , pag
e1 used on input line 37.
(pdftex.def)             Requested size: 614.67285pt x 345.75346pt.
[8

 <./haoyunqi_tutorial_pdfs/app_modify_user_dep.pdf>]
Chapter 4.
<./haoyunqi_tutorial_pdfs/make_up_deposit.pdf, id=183, 963.6pt x 542.025pt>
File: ./haoyunqi_tutorial_pdfs/make_up_deposit.pdf Graphic file (type pdf)
<use ./haoyunqi_tutorial_pdfs/make_up_deposit.pdf>
Package pdftex.def Info: ./haoyunqi_tutorial_pdfs/make_up_deposit.pdf  used on 
input line 41.
(pdftex.def)             Requested size: 963.59766pt x 542.02367pt.
File: ./haoyunqi_tutorial_pdfs/make_up_deposit.pdf Graphic file (type pdf)
<use ./haoyunqi_tutorial_pdfs/make_up_deposit.pdf>
Package pdftex.def Info: ./haoyunqi_tutorial_pdfs/make_up_deposit.pdf  used on 
input line 41.
(pdftex.def)             Requested size: 963.59766pt x 542.02367pt.
<./haoyunqi_tutorial_pdfs/make_up_deposit.pdf, id=186, page=1, 963.6pt x 542.02
5pt>
File: ./haoyunqi_tutorial_pdfs/make_up_deposit.pdf Graphic file (type pdf)
<use ./haoyunqi_tutorial_pdfs/make_up_deposit.pdf, page 1>
Package pdftex.def Info: ./haoyunqi_tutorial_pdfs/make_up_deposit.pdf , page1 u
sed on input line 41.
(pdftex.def)             Requested size: 963.59766pt x 542.02367pt.
File: ./haoyunqi_tutorial_pdfs/make_up_deposit.pdf Graphic file (type pdf)
<use ./haoyunqi_tutorial_pdfs/make_up_deposit.pdf, page 1>
Package pdftex.def Info: ./haoyunqi_tutorial_pdfs/make_up_deposit.pdf , page1 u
sed on input line 41.
(pdftex.def)             Requested size: 614.67285pt x 345.75346pt.


[9

]
File: ./haoyunqi_tutorial_pdfs/make_up_deposit.pdf Graphic file (type pdf)
<use ./haoyunqi_tutorial_pdfs/make_up_deposit.pdf, page 1>
Package pdftex.def Info: ./haoyunqi_tutorial_pdfs/make_up_deposit.pdf , page1 u
sed on input line 41.
(pdftex.def)             Requested size: 614.67285pt x 345.75346pt.
File: ./haoyunqi_tutorial_pdfs/make_up_deposit.pdf Graphic file (type pdf)
<use ./haoyunqi_tutorial_pdfs/make_up_deposit.pdf, page 1>
Package pdftex.def Info: ./haoyunqi_tutorial_pdfs/make_up_deposit.pdf , page1 u
sed on input line 41.
(pdftex.def)             Requested size: 614.67285pt x 345.75346pt.
<./haoyunqi_tutorial_pdfs/make_up_deposit.pdf, id=195, page=2, 963.6pt x 542.02
5pt>
File: ./haoyunqi_tutorial_pdfs/make_up_deposit.pdf Graphic file (type pdf)
<use ./haoyunqi_tutorial_pdfs/make_up_deposit.pdf, page 2>
Package pdftex.def Info: ./haoyunqi_tutorial_pdfs/make_up_deposit.pdf , page2 u
sed on input line 41.
(pdftex.def)             Requested size: 614.67285pt x 345.75346pt.
File: ./haoyunqi_tutorial_pdfs/make_up_deposit.pdf Graphic file (type pdf)
<use ./haoyunqi_tutorial_pdfs/make_up_deposit.pdf, page 2>
Package pdftex.def Info: ./haoyunqi_tutorial_pdfs/make_up_deposit.pdf , page2 u
sed on input line 41.
(pdftex.def)             Requested size: 614.67285pt x 345.75346pt.


File: ./haoyunqi_tutorial_pdfs/make_up_deposit.pdf Graphic file (type pdf)
<use ./haoyunqi_tutorial_pdfs/make_up_deposit.pdf, page 1>
Package pdftex.def Info: ./haoyunqi_tutorial_pdfs/make_up_deposit.pdf , page1 u
sed on input line 41.
(pdftex.def)             Requested size: 614.67285pt x 345.75346pt.
File: ./haoyunqi_tutorial_pdfs/make_up_deposit.pdf Graphic file (type pdf)
<use ./haoyunqi_tutorial_pdfs/make_up_deposit.pdf, page 2>
Package pdftex.def Info: ./haoyunqi_tutorial_pdfs/make_up_deposit.pdf , page2 u
sed on input line 41.
(pdftex.def)             Requested size: 614.67285pt x 345.75346pt.
[10

 <./haoyunqi_tutorial_pdfs/make_up_deposit.pdf> <./haoyunqi_tutorial_pdfs/make_
up_deposit.pdf>]
<./haoyunqi_tutorial_pdfs/make_up_deposit.pdf, id=215, page=3, 963.6pt x 542.02
5pt>
File: ./haoyunqi_tutorial_pdfs/make_up_deposit.pdf Graphic file (type pdf)
<use ./haoyunqi_tutorial_pdfs/make_up_deposit.pdf, page 3>
Package pdftex.def Info: ./haoyunqi_tutorial_pdfs/make_up_deposit.pdf , page3 u
sed on input line 41.
(pdftex.def)             Requested size: 614.67285pt x 345.75346pt.
File: ./haoyunqi_tutorial_pdfs/make_up_deposit.pdf Graphic file (type pdf)
<use ./haoyunqi_tutorial_pdfs/make_up_deposit.pdf, page 3>
Package pdftex.def Info: ./haoyunqi_tutorial_pdfs/make_up_deposit.pdf , page3 u
sed on input line 41.
(pdftex.def)             Requested size: 614.67285pt x 345.75346pt.
<./haoyunqi_tutorial_pdfs/make_up_deposit.pdf, id=216, page=4, 963.6pt x 542.02
5pt>
File: ./haoyunqi_tutorial_pdfs/make_up_deposit.pdf Graphic file (type pdf)
<use ./haoyunqi_tutorial_pdfs/make_up_deposit.pdf, page 4>
Package pdftex.def Info: ./haoyunqi_tutorial_pdfs/make_up_deposit.pdf , page4 u
sed on input line 41.
(pdftex.def)             Requested size: 614.67285pt x 345.75346pt.
File: ./haoyunqi_tutorial_pdfs/make_up_deposit.pdf Graphic file (type pdf)
<use ./haoyunqi_tutorial_pdfs/make_up_deposit.pdf, page 4>
Package pdftex.def Info: ./haoyunqi_tutorial_pdfs/make_up_deposit.pdf , page4 u
sed on input line 41.
(pdftex.def)             Requested size: 614.67285pt x 345.75346pt.


File: ./haoyunqi_tutorial_pdfs/make_up_deposit.pdf Graphic file (type pdf)
<use ./haoyunqi_tutorial_pdfs/make_up_deposit.pdf, page 3>
Package pdftex.def Info: ./haoyunqi_tutorial_pdfs/make_up_deposit.pdf , page3 u
sed on input line 41.
(pdftex.def)             Requested size: 614.67285pt x 345.75346pt.
File: ./haoyunqi_tutorial_pdfs/make_up_deposit.pdf Graphic file (type pdf)
<use ./haoyunqi_tutorial_pdfs/make_up_deposit.pdf, page 4>
Package pdftex.def Info: ./haoyunqi_tutorial_pdfs/make_up_deposit.pdf , page4 u
sed on input line 41.
(pdftex.def)             Requested size: 614.67285pt x 345.75346pt.
[11

 <./haoyunqi_tutorial_pdfs/make_up_deposit.pdf> <./haoyunqi_tutorial_pdfs/make_
up_deposit.pdf>]
<./haoyunqi_tutorial_pdfs/make_up_deposit.pdf, id=224, page=5, 963.6pt x 542.02
5pt>
File: ./haoyunqi_tutorial_pdfs/make_up_deposit.pdf Graphic file (type pdf)
<use ./haoyunqi_tutorial_pdfs/make_up_deposit.pdf, page 5>
Package pdftex.def Info: ./haoyunqi_tutorial_pdfs/make_up_deposit.pdf , page5 u
sed on input line 41.
(pdftex.def)             Requested size: 614.67285pt x 345.75346pt.
File: ./haoyunqi_tutorial_pdfs/make_up_deposit.pdf Graphic file (type pdf)
<use ./haoyunqi_tutorial_pdfs/make_up_deposit.pdf, page 5>
Package pdftex.def Info: ./haoyunqi_tutorial_pdfs/make_up_deposit.pdf , page5 u
sed on input line 41.
(pdftex.def)             Requested size: 614.67285pt x 345.75346pt.
File: ./haoyunqi_tutorial_pdfs/make_up_deposit.pdf Graphic file (type pdf)
<use ./haoyunqi_tutorial_pdfs/make_up_deposit.pdf, page 1>
Package pdftex.def Info: ./haoyunqi_tutorial_pdfs/make_up_deposit.pdf , page1 u
sed on input line 41.
(pdftex.def)             Requested size: 614.67285pt x 345.75346pt.
File: ./haoyunqi_tutorial_pdfs/make_up_deposit.pdf Graphic file (type pdf)
<use ./haoyunqi_tutorial_pdfs/make_up_deposit.pdf, page 1>
Package pdftex.def Info: ./haoyunqi_tutorial_pdfs/make_up_deposit.pdf , page1 u
sed on input line 41.
(pdftex.def)             Requested size: 614.67285pt x 345.75346pt.


File: ./haoyunqi_tutorial_pdfs/make_up_deposit.pdf Graphic file (type pdf)
<use ./haoyunqi_tutorial_pdfs/make_up_deposit.pdf, page 5>
Package pdftex.def Info: ./haoyunqi_tutorial_pdfs/make_up_deposit.pdf , page5 u
sed on input line 41.
(pdftex.def)             Requested size: 614.67285pt x 345.75346pt.
[12

 <./haoyunqi_tutorial_pdfs/make_up_deposit.pdf>]
Chapter 5.
<./haoyunqi_tutorial_pdfs/agency_stock.pdf, id=240, 963.6pt x 542.025pt>
File: ./haoyunqi_tutorial_pdfs/agency_stock.pdf Graphic file (type pdf)
<use ./haoyunqi_tutorial_pdfs/agency_stock.pdf>
Package pdftex.def Info: ./haoyunqi_tutorial_pdfs/agency_stock.pdf  used on inp
ut line 45.
(pdftex.def)             Requested size: 963.59766pt x 542.02367pt.
File: ./haoyunqi_tutorial_pdfs/agency_stock.pdf Graphic file (type pdf)
<use ./haoyunqi_tutorial_pdfs/agency_stock.pdf>
Package pdftex.def Info: ./haoyunqi_tutorial_pdfs/agency_stock.pdf  used on inp
ut line 45.
(pdftex.def)             Requested size: 963.59766pt x 542.02367pt.
<./haoyunqi_tutorial_pdfs/agency_stock.pdf, id=243, page=1, 963.6pt x 542.025pt
>
File: ./haoyunqi_tutorial_pdfs/agency_stock.pdf Graphic file (type pdf)
<use ./haoyunqi_tutorial_pdfs/agency_stock.pdf, page 1>
Package pdftex.def Info: ./haoyunqi_tutorial_pdfs/agency_stock.pdf , page1 used
 on input line 45.
(pdftex.def)             Requested size: 621.00998pt x 385.01411pt.
File: ./haoyunqi_tutorial_pdfs/agency_stock.pdf Graphic file (type pdf)
<use ./haoyunqi_tutorial_pdfs/agency_stock.pdf, page 1>
Package pdftex.def Info: ./haoyunqi_tutorial_pdfs/agency_stock.pdf , page1 used
 on input line 45.
(pdftex.def)             Requested size: 953.18768pt x 536.16806pt.


[13

]
File: ./haoyunqi_tutorial_pdfs/agency_stock.pdf Graphic file (type pdf)
<use ./haoyunqi_tutorial_pdfs/agency_stock.pdf, page 1>
Package pdftex.def Info: ./haoyunqi_tutorial_pdfs/agency_stock.pdf , page1 used
 on input line 45.
(pdftex.def)             Requested size: 953.18768pt x 536.16806pt.
File: ./haoyunqi_tutorial_pdfs/agency_stock.pdf Graphic file (type pdf)
<use ./haoyunqi_tutorial_pdfs/agency_stock.pdf, page 1>
Package pdftex.def Info: ./haoyunqi_tutorial_pdfs/agency_stock.pdf , page1 used
 on input line 45.
(pdftex.def)             Requested size: 953.18768pt x 536.16806pt.
<./haoyunqi_tutorial_pdfs/agency_stock.pdf, id=254, page=2, 963.6pt x 542.025pt
>
File: ./haoyunqi_tutorial_pdfs/agency_stock.pdf Graphic file (type pdf)
<use ./haoyunqi_tutorial_pdfs/agency_stock.pdf, page 2>
Package pdftex.def Info: ./haoyunqi_tutorial_pdfs/agency_stock.pdf , page2 used
 on input line 45.
(pdftex.def)             Requested size: 953.18768pt x 536.16806pt.
File: ./haoyunqi_tutorial_pdfs/agency_stock.pdf Graphic file (type pdf)
<use ./haoyunqi_tutorial_pdfs/agency_stock.pdf, page 2>
Package pdftex.def Info: ./haoyunqi_tutorial_pdfs/agency_stock.pdf , page2 used
 on input line 45.
(pdftex.def)             Requested size: 953.18768pt x 536.16806pt.


File: ./haoyunqi_tutorial_pdfs/agency_stock.pdf Graphic file (type pdf)
<use ./haoyunqi_tutorial_pdfs/agency_stock.pdf, page 1>
Package pdftex.def Info: ./haoyunqi_tutorial_pdfs/agency_stock.pdf , page1 used
 on input line 45.
(pdftex.def)             Requested size: 953.18768pt x 536.16806pt.
File: ./haoyunqi_tutorial_pdfs/agency_stock.pdf Graphic file (type pdf)
<use ./haoyunqi_tutorial_pdfs/agency_stock.pdf, page 2>
Package pdftex.def Info: ./haoyunqi_tutorial_pdfs/agency_stock.pdf , page2 used
 on input line 45.
(pdftex.def)             Requested size: 953.18768pt x 536.16806pt.
[14

 <./haoyunqi_tutorial_pdfs/agency_stock.pdf> <./haoyunqi_tutorial_pdfs/agency_s
tock.pdf>]
<./haoyunqi_tutorial_pdfs/agency_stock.pdf, id=281, page=3, 963.6pt x 542.025pt
>
File: ./haoyunqi_tutorial_pdfs/agency_stock.pdf Graphic file (type pdf)
<use ./haoyunqi_tutorial_pdfs/agency_stock.pdf, page 3>
Package pdftex.def Info: ./haoyunqi_tutorial_pdfs/agency_stock.pdf , page3 used
 on input line 45.
(pdftex.def)             Requested size: 953.18768pt x 536.16806pt.
File: ./haoyunqi_tutorial_pdfs/agency_stock.pdf Graphic file (type pdf)
<use ./haoyunqi_tutorial_pdfs/agency_stock.pdf, page 3>
Package pdftex.def Info: ./haoyunqi_tutorial_pdfs/agency_stock.pdf , page3 used
 on input line 45.
(pdftex.def)             Requested size: 953.18768pt x 536.16806pt.
<./haoyunqi_tutorial_pdfs/agency_stock.pdf, id=282, page=4, 963.6pt x 542.025pt
>
File: ./haoyunqi_tutorial_pdfs/agency_stock.pdf Graphic file (type pdf)
<use ./haoyunqi_tutorial_pdfs/agency_stock.pdf, page 4>
Package pdftex.def Info: ./haoyunqi_tutorial_pdfs/agency_stock.pdf , page4 used
 on input line 45.
(pdftex.def)             Requested size: 953.18768pt x 536.16806pt.
File: ./haoyunqi_tutorial_pdfs/agency_stock.pdf Graphic file (type pdf)
<use ./haoyunqi_tutorial_pdfs/agency_stock.pdf, page 4>
Package pdftex.def Info: ./haoyunqi_tutorial_pdfs/agency_stock.pdf , page4 used
 on input line 45.
(pdftex.def)             Requested size: 953.18768pt x 536.16806pt.


File: ./haoyunqi_tutorial_pdfs/agency_stock.pdf Graphic file (type pdf)
<use ./haoyunqi_tutorial_pdfs/agency_stock.pdf, page 3>
Package pdftex.def Info: ./haoyunqi_tutorial_pdfs/agency_stock.pdf , page3 used
 on input line 45.
(pdftex.def)             Requested size: 953.18768pt x 536.16806pt.
File: ./haoyunqi_tutorial_pdfs/agency_stock.pdf Graphic file (type pdf)
<use ./haoyunqi_tutorial_pdfs/agency_stock.pdf, page 4>
Package pdftex.def Info: ./haoyunqi_tutorial_pdfs/agency_stock.pdf , page4 used
 on input line 45.
(pdftex.def)             Requested size: 953.18768pt x 536.16806pt.
[15

 <./haoyunqi_tutorial_pdfs/agency_stock.pdf> <./haoyunqi_tutorial_pdfs/agency_s
tock.pdf>]
<./haoyunqi_tutorial_pdfs/agency_stock.pdf, id=294, page=5, 963.6pt x 542.025pt
>
File: ./haoyunqi_tutorial_pdfs/agency_stock.pdf Graphic file (type pdf)
<use ./haoyunqi_tutorial_pdfs/agency_stock.pdf, page 5>
Package pdftex.def Info: ./haoyunqi_tutorial_pdfs/agency_stock.pdf , page5 used
 on input line 45.
(pdftex.def)             Requested size: 953.18768pt x 536.16806pt.
File: ./haoyunqi_tutorial_pdfs/agency_stock.pdf Graphic file (type pdf)
<use ./haoyunqi_tutorial_pdfs/agency_stock.pdf, page 5>
Package pdftex.def Info: ./haoyunqi_tutorial_pdfs/agency_stock.pdf , page5 used
 on input line 45.
(pdftex.def)             Requested size: 953.18768pt x 536.16806pt.
<./haoyunqi_tutorial_pdfs/agency_stock.pdf, id=295, page=6, 963.6pt x 542.025pt
>
File: ./haoyunqi_tutorial_pdfs/agency_stock.pdf Graphic file (type pdf)
<use ./haoyunqi_tutorial_pdfs/agency_stock.pdf, page 6>
Package pdftex.def Info: ./haoyunqi_tutorial_pdfs/agency_stock.pdf , page6 used
 on input line 45.
(pdftex.def)             Requested size: 953.18768pt x 536.16806pt.
File: ./haoyunqi_tutorial_pdfs/agency_stock.pdf Graphic file (type pdf)
<use ./haoyunqi_tutorial_pdfs/agency_stock.pdf, page 6>
Package pdftex.def Info: ./haoyunqi_tutorial_pdfs/agency_stock.pdf , page6 used
 on input line 45.
(pdftex.def)             Requested size: 953.18768pt x 536.16806pt.


File: ./haoyunqi_tutorial_pdfs/agency_stock.pdf Graphic file (type pdf)
<use ./haoyunqi_tutorial_pdfs/agency_stock.pdf, page 5>
Package pdftex.def Info: ./haoyunqi_tutorial_pdfs/agency_stock.pdf , page5 used
 on input line 45.
(pdftex.def)             Requested size: 953.18768pt x 536.16806pt.
File: ./haoyunqi_tutorial_pdfs/agency_stock.pdf Graphic file (type pdf)
<use ./haoyunqi_tutorial_pdfs/agency_stock.pdf, page 6>
Package pdftex.def Info: ./haoyunqi_tutorial_pdfs/agency_stock.pdf , page6 used
 on input line 45.
(pdftex.def)             Requested size: 953.18768pt x 536.16806pt.
[16

 <./haoyunqi_tutorial_pdfs/agency_stock.pdf> <./haoyunqi_tutorial_pdfs/agency_s
tock.pdf>]
<./haoyunqi_tutorial_pdfs/agency_stock.pdf, id=309, page=7, 963.6pt x 542.025pt
>
File: ./haoyunqi_tutorial_pdfs/agency_stock.pdf Graphic file (type pdf)
<use ./haoyunqi_tutorial_pdfs/agency_stock.pdf, page 7>
Package pdftex.def Info: ./haoyunqi_tutorial_pdfs/agency_stock.pdf , page7 used
 on input line 45.
(pdftex.def)             Requested size: 953.18768pt x 536.16806pt.
File: ./haoyunqi_tutorial_pdfs/agency_stock.pdf Graphic file (type pdf)
<use ./haoyunqi_tutorial_pdfs/agency_stock.pdf, page 7>
Package pdftex.def Info: ./haoyunqi_tutorial_pdfs/agency_stock.pdf , page7 used
 on input line 45.
(pdftex.def)             Requested size: 953.18768pt x 536.16806pt.
<./haoyunqi_tutorial_pdfs/agency_stock.pdf, id=310, page=8, 963.6pt x 542.025pt
>
File: ./haoyunqi_tutorial_pdfs/agency_stock.pdf Graphic file (type pdf)
<use ./haoyunqi_tutorial_pdfs/agency_stock.pdf, page 8>
Package pdftex.def Info: ./haoyunqi_tutorial_pdfs/agency_stock.pdf , page8 used
 on input line 45.
(pdftex.def)             Requested size: 953.18768pt x 536.16806pt.
File: ./haoyunqi_tutorial_pdfs/agency_stock.pdf Graphic file (type pdf)
<use ./haoyunqi_tutorial_pdfs/agency_stock.pdf, page 8>
Package pdftex.def Info: ./haoyunqi_tutorial_pdfs/agency_stock.pdf , page8 used
 on input line 45.
(pdftex.def)             Requested size: 953.18768pt x 536.16806pt.


File: ./haoyunqi_tutorial_pdfs/agency_stock.pdf Graphic file (type pdf)
<use ./haoyunqi_tutorial_pdfs/agency_stock.pdf, page 7>
Package pdftex.def Info: ./haoyunqi_tutorial_pdfs/agency_stock.pdf , page7 used
 on input line 45.
(pdftex.def)             Requested size: 953.18768pt x 536.16806pt.
File: ./haoyunqi_tutorial_pdfs/agency_stock.pdf Graphic file (type pdf)
<use ./haoyunqi_tutorial_pdfs/agency_stock.pdf, page 8>
Package pdftex.def Info: ./haoyunqi_tutorial_pdfs/agency_stock.pdf , page8 used
 on input line 45.
(pdftex.def)             Requested size: 953.18768pt x 536.16806pt.
[17

 <./haoyunqi_tutorial_pdfs/agency_stock.pdf> <./haoyunqi_tutorial_pdfs/agency_s
tock.pdf>]
<./haoyunqi_tutorial_pdfs/agency_stock.pdf, id=327, page=9, 963.6pt x 542.025pt
>
File: ./haoyunqi_tutorial_pdfs/agency_stock.pdf Graphic file (type pdf)
<use ./haoyunqi_tutorial_pdfs/agency_stock.pdf, page 9>
Package pdftex.def Info: ./haoyunqi_tutorial_pdfs/agency_stock.pdf , page9 used
 on input line 45.
(pdftex.def)             Requested size: 953.18768pt x 536.16806pt.
File: ./haoyunqi_tutorial_pdfs/agency_stock.pdf Graphic file (type pdf)
<use ./haoyunqi_tutorial_pdfs/agency_stock.pdf, page 9>
Package pdftex.def Info: ./haoyunqi_tutorial_pdfs/agency_stock.pdf , page9 used
 on input line 45.
(pdftex.def)             Requested size: 953.18768pt x 536.16806pt.
File: ./haoyunqi_tutorial_pdfs/agency_stock.pdf Graphic file (type pdf)
<use ./haoyunqi_tutorial_pdfs/agency_stock.pdf, page 1>
Package pdftex.def Info: ./haoyunqi_tutorial_pdfs/agency_stock.pdf , page1 used
 on input line 45.
(pdftex.def)             Requested size: 953.18768pt x 536.16806pt.
File: ./haoyunqi_tutorial_pdfs/agency_stock.pdf Graphic file (type pdf)
<use ./haoyunqi_tutorial_pdfs/agency_stock.pdf, page 1>
Package pdftex.def Info: ./haoyunqi_tutorial_pdfs/agency_stock.pdf , page1 used
 on input line 45.
(pdftex.def)             Requested size: 953.18768pt x 536.16806pt.


File: ./haoyunqi_tutorial_pdfs/agency_stock.pdf Graphic file (type pdf)
<use ./haoyunqi_tutorial_pdfs/agency_stock.pdf, page 9>
Package pdftex.def Info: ./haoyunqi_tutorial_pdfs/agency_stock.pdf , page9 used
 on input line 45.
(pdftex.def)             Requested size: 953.18768pt x 536.16806pt.
[18

 <./haoyunqi_tutorial_pdfs/agency_stock.pdf>] (./haoyunqi_tutorial.aux)
 ***********
LaTeX2e <2024-11-01> patch level 1
L3 programming layer <2022/07/14>
 ***********
Package rerunfilecheck Info: File `haoyunqi_tutorial.out' has not changed.
(rerunfilecheck)             Checksum: 420615C2C5A6AD4574668B1950F52621;542.
 ) 
Here is how much of TeX's memory you used:
 23571 strings out of 473330
 447666 string characters out of 5723877
 812560 words of memory out of 5000000
 46204 multiletter control sequences out of 15000+600000
 572712 words of font info for 74 fonts, out of 8000000 for 9000
 1141 hyphenation exceptions out of 8191
 90i,17n,93p,719b,598s stack positions out of 10000i,1000n,20000p,200000b,200000s
<c:/Windows/Fonts/simhei.ttf><c:/Windows/Fonts/simhei.ttf><c:/Windows/Fonts/s
imhei.ttf><c:/Windows/Fonts/simhei.ttf><c:/Windows/Fonts/simhei.ttf><c:/Windows
/Fonts/simhei.ttf><c:/Windows/Fonts/simhei.ttf><c:/Windows/Fonts/simhei.ttf><c:
/Windows/Fonts/simhei.ttf><c:/Windows/Fonts/simhei.ttf><c:/Windows/Fonts/simhei
.ttf><c:/Windows/Fonts/simhei.ttf><c:/Windows/Fonts/simsun.ttc><c:/Windows/Font
s/simsun.ttc><c:/Windows/Fonts/simsun.ttc><c:/Windows/Fonts/simsun.ttc><c:/Wind
ows/Fonts/simsun.ttc><c:/Windows/Fonts/simsun.ttc><c:/Windows/Fonts/simhei.ttf>
<c:/Windows/Fonts/simhei.ttf><c:/Windows/Fonts/simhei.ttf><c:/Windows/Fonts/sim
hei.ttf><c:/Windows/Fonts/simhei.ttf><c:/Windows/Fonts/simhei.ttf><c:/Windows/F
onts/simhei.ttf><c:/Windows/Fonts/simhei.ttf><c:/Windows/Fonts/simhei.ttf><c:/W
indows/Fonts/simhei.ttf><d:/texlive/2024/texmf-dist/fonts/type1/public/cm-super
/sfbx1200.pfb><d:/texlive/2024/texmf-dist/fonts/type1/public/cm-super/sfrm1000.
pfb><d:/texlive/2024/texmf-dist/fonts/type1/public/cm-super/sfsl1000.pfb>
Output written on haoyunqi_tutorial.pdf (18 pages, 4184125 bytes).
PDF statistics:
 449 PDF objects out of 1000 (max. 8388607)
 236 compressed objects within 3 object streams
 24 named destinations out of 1000 (max. 500000)
 321 words of extra memory for PDF output out of 10000 (max. 10000000)

